<?xml version="1.0" encoding="UTF-8"?>
<testng-results ignored="0" total="6" passed="5" failed="1" skipped="0">
  <reporter-output>
  </reporter-output>
  <suite started-at="2026-04-01T15:07:13 ICT" name="Default suite" finished-at="2026-04-01T15:09:52 ICT" duration-ms="159313">
    <groups>
    </groups>
    <test started-at="2026-04-01T15:07:13 ICT" name="Default test" finished-at="2026-04-01T15:09:52 ICT" duration-ms="159313">
      <class name="tests.RegisterTest">
        <test-method is-config="true" signature="setUp()[pri:0, instance:tests.RegisterTest@248e319b]" started-at="2026-04-01T15:07:13 ICT" name="setUp" finished-at="2026-04-01T15:07:22 ICT" duration-ms="9292" status="PASS">
          <reporter-output>
          </reporter-output>
        </test-method> <!-- setUp -->
        <test-method is-config="true" signature="goToSignup()[pri:0, instance:tests.RegisterTest@248e319b]" started-at="2026-04-01T15:07:22 ICT" name="goToSignup" finished-at="2026-04-01T15:07:25 ICT" duration-ms="3434" status="PASS">
          <reporter-output>
          </reporter-output>
        </test-method> <!-- goToSignup -->
        <test-method signature="TC01_Register_Success()[pri:0, instance:tests.RegisterTest@248e319b]" started-at="2026-04-01T15:07:25 ICT" name="TC01_Register_Success" finished-at="2026-04-01T15:07:50 ICT" duration-ms="24608" status="FAIL">
          <exception class="java.lang.AssertionError">
            <message>
              <![CDATA[Đăng ký thành công! expected [true] but found [false]]]>
            </message>
            <full-stacktrace>
              <![CDATA[java.lang.AssertionError: Đăng ký thành công! expected [true] but found [false]
at org.testng.Assert.fail(Assert.java:111)
at org.testng.Assert.failNotEquals(Assert.java:1590)
at org.testng.Assert.assertTrue(Assert.java:57)
at tests.RegisterTest.TC01_Register_Success(RegisterTest.java:35)
at java.base/jdk.internal.reflect.NativeMethodAccessorImpl.invoke0(Native Method)
at java.base/jdk.internal.reflect.NativeMethodAccessorImpl.invoke(NativeMethodAccessorImpl.java:62)
at java.base/jdk.internal.reflect.DelegatingMethodAccessorImpl.invoke(DelegatingMethodAccessorImpl.java:43)
at java.base/java.lang.reflect.Method.invoke(Method.java:566)
at org.testng.internal.invokers.MethodInvocationHelper.invokeMethod(MethodInvocationHelper.java:141)
at org.testng.internal.invokers.TestInvoker.invokeMethod(TestInvoker.java:687)
at org.testng.internal.invokers.TestInvoker.invokeTestMethod(TestInvoker.java:230)
at org.testng.internal.invokers.MethodRunner.runInSequence(MethodRunner.java:63)
at org.testng.internal.invokers.TestInvoker$MethodInvocationAgent.invoke(TestInvoker.java:995)
at org.testng.internal.invokers.TestInvoker.invokeTestMethods(TestInvoker.java:203)
at org.testng.internal.invokers.TestMethodWorker.invokeTestMethods(TestMethodWorker.java:154)
at org.testng.internal.invokers.TestMethodWorker.run(TestMethodWorker.java:134)
at java.base/java.util.ArrayList.forEach(ArrayList.java:1541)
at org.testng.TestRunner.privateRun(TestRunner.java:741)
at org.testng.TestRunner.run(TestRunner.java:616)
at org.testng.SuiteRunner.runTest(SuiteRunner.java:421)
at org.testng.SuiteRunner.runSequentially(SuiteRunner.java:413)
at org.testng.SuiteRunner.privateRun(SuiteRunner.java:373)
at org.testng.SuiteRunner.run(SuiteRunner.java:312)
at org.testng.SuiteRunnerWorker.runSuite(SuiteRunnerWorker.java:52)
at org.testng.SuiteRunnerWorker.run(SuiteRunnerWorker.java:95)
at org.testng.TestNG.runSuitesSequentially(TestNG.java:1274)
at org.testng.TestNG.runSuitesLocally(TestNG.java:1208)
at org.testng.TestNG.runSuites(TestNG.java:1112)
at org.testng.TestNG.run(TestNG.java:1079)
at org.testng.remote.AbstractRemoteTestNG.run(AbstractRemoteTestNG.java:115)
at org.testng.remote.RemoteTestNG.initAndRun(RemoteTestNG.java:293)
at org.testng.remote.RemoteTestNG.main(RemoteTestNG.java:91)
]]>
            </full-stacktrace>
          </exception> <!-- java.lang.AssertionError -->
          <reporter-output>
          </reporter-output>
        </test-method> <!-- TC01_Register_Success -->
        <test-method is-config="true" signature="tearDown()[pri:0, instance:tests.RegisterTest@248e319b]" started-at="2026-04-01T15:07:50 ICT" name="tearDown" finished-at="2026-04-01T15:07:51 ICT" duration-ms="1077" status="PASS">
          <reporter-output>
          </reporter-output>
        </test-method> <!-- tearDown -->
        <test-method is-config="true" signature="setUp()[pri:0, instance:tests.RegisterTest@248e319b]" started-at="2026-04-01T15:07:51 ICT" name="setUp" finished-at="2026-04-01T15:08:10 ICT" duration-ms="19098" status="PASS">
          <reporter-output>
          </reporter-output>
        </test-method> <!-- setUp -->
        <test-method is-config="true" signature="goToSignup()[pri:0, instance:tests.RegisterTest@248e319b]" started-at="2026-04-01T15:08:10 ICT" name="goToSignup" finished-at="2026-04-01T15:08:12 ICT" duration-ms="2066" status="PASS">
          <reporter-output>
          </reporter-output>
        </test-method> <!-- goToSignup -->
        <test-method signature="TC02_Register_Email_Exists()[pri:0, instance:tests.RegisterTest@248e319b]" started-at="2026-04-01T15:08:12 ICT" name="TC02_Register_Email_Exists" finished-at="2026-04-01T15:08:17 ICT" duration-ms="4417" status="PASS">
          <reporter-output>
          </reporter-output>
        </test-method> <!-- TC02_Register_Email_Exists -->
        <test-method is-config="true" signature="tearDown()[pri:0, instance:tests.RegisterTest@248e319b]" started-at="2026-04-01T15:08:17 ICT" name="tearDown" finished-at="2026-04-01T15:08:17 ICT" duration-ms="729" status="PASS">
          <reporter-output>
          </reporter-output>
        </test-method> <!-- tearDown -->
        <test-method is-config="true" signature="setUp()[pri:0, instance:tests.RegisterTest@248e319b]" started-at="2026-04-01T15:08:17 ICT" name="setUp" finished-at="2026-04-01T15:08:43 ICT" duration-ms="25098" status="PASS">
          <reporter-output>
          </reporter-output>
        </test-method> <!-- setUp -->
        <test-method is-config="true" signature="goToSignup()[pri:0, instance:tests.RegisterTest@248e319b]" started-at="2026-04-01T15:08:43 ICT" name="goToSignup" finished-at="2026-04-01T15:08:44 ICT" duration-ms="1617" status="PASS">
          <reporter-output>
          </reporter-output>
        </test-method> <!-- goToSignup -->
        <test-method signature="TC03_Register_Empty_Name()[pri:0, instance:tests.RegisterTest@248e319b]" started-at="2026-04-01T15:08:44 ICT" name="TC03_Register_Empty_Name" finished-at="2026-04-01T15:08:45 ICT" duration-ms="998" status="PASS">
          <reporter-output>
          </reporter-output>
        </test-method> <!-- TC03_Register_Empty_Name -->
        <test-method is-config="true" signature="tearDown()[pri:0, instance:tests.RegisterTest@248e319b]" started-at="2026-04-01T15:08:45 ICT" name="tearDown" finished-at="2026-04-01T15:08:46 ICT" duration-ms="648" status="PASS">
          <reporter-output>
          </reporter-output>
        </test-method> <!-- tearDown -->
        <test-method is-config="true" signature="setUp()[pri:0, instance:tests.RegisterTest@248e319b]" started-at="2026-04-01T15:08:46 ICT" name="setUp" finished-at="2026-04-01T15:09:02 ICT" duration-ms="16275" status="PASS">
          <reporter-output>
          </reporter-output>
        </test-method> <!-- setUp -->
        <test-method is-config="true" signature="goToSignup()[pri:0, instance:tests.RegisterTest@248e319b]" started-at="2026-04-01T15:09:02 ICT" name="goToSignup" finished-at="2026-04-01T15:09:04 ICT" duration-ms="1474" status="PASS">
          <reporter-output>
          </reporter-output>
        </test-method> <!-- goToSignup -->
        <test-method signature="TC04_Register_Empty_Email()[pri:0, instance:tests.RegisterTest@248e319b]" started-at="2026-04-01T15:09:04 ICT" name="TC04_Register_Empty_Email" finished-at="2026-04-01T15:09:04 ICT" duration-ms="778" status="PASS">
          <reporter-output>
          </reporter-output>
        </test-method> <!-- TC04_Register_Empty_Email -->
        <test-method is-config="true" signature="tearDown()[pri:0, instance:tests.RegisterTest@248e319b]" started-at="2026-04-01T15:09:04 ICT" name="tearDown" finished-at="2026-04-01T15:09:05 ICT" duration-ms="688" status="PASS">
          <reporter-output>
          </reporter-output>
        </test-method> <!-- tearDown -->
        <test-method is-config="true" signature="setUp()[pri:0, instance:tests.RegisterTest@248e319b]" started-at="2026-04-01T15:09:05 ICT" name="setUp" finished-at="2026-04-01T15:09:20 ICT" duration-ms="14592" status="PASS">
          <reporter-output>
          </reporter-output>
        </test-method> <!-- setUp -->
        <test-method is-config="true" signature="goToSignup()[pri:0, instance:tests.RegisterTest@248e319b]" started-at="2026-04-01T15:09:20 ICT" name="goToSignup" finished-at="2026-04-01T15:09:21 ICT" duration-ms="1373" status="PASS">
          <reporter-output>
          </reporter-output>
        </test-method> <!-- goToSignup -->
        <test-method signature="TC05_Register_Invalid_Email()[pri:0, instance:tests.RegisterTest@248e319b]" started-at="2026-04-01T15:09:21 ICT" name="TC05_Register_Invalid_Email" finished-at="2026-04-01T15:09:22 ICT" duration-ms="860" status="PASS">
          <reporter-output>
          </reporter-output>
        </test-method> <!-- TC05_Register_Invalid_Email -->
        <test-method is-config="true" signature="tearDown()[pri:0, instance:tests.RegisterTest@248e319b]" started-at="2026-04-01T15:09:22 ICT" name="tearDown" finished-at="2026-04-01T15:09:22 ICT" duration-ms="558" status="PASS">
          <reporter-output>
          </reporter-output>
        </test-method> <!-- tearDown -->
        <test-method is-config="true" signature="setUp()[pri:0, instance:tests.RegisterTest@248e319b]" started-at="2026-04-01T15:09:22 ICT" name="setUp" finished-at="2026-04-01T15:09:32 ICT" duration-ms="9481" status="PASS">
          <reporter-output>
          </reporter-output>
        </test-method> <!-- setUp -->
        <test-method is-config="true" signature="goToSignup()[pri:0, instance:tests.RegisterTest@248e319b]" started-at="2026-04-01T15:09:32 ICT" name="goToSignup" finished-at="2026-04-01T15:09:33 ICT" duration-ms="1391" status="PASS">
          <reporter-output>
          </reporter-output>
        </test-method> <!-- goToSignup -->
        <test-method signature="TC06_Register_Empty_Password()[pri:0, instance:tests.RegisterTest@248e319b]" started-at="2026-04-01T15:09:33 ICT" name="TC06_Register_Empty_Password" finished-at="2026-04-01T15:09:51 ICT" duration-ms="17724" status="PASS">
          <reporter-output>
          </reporter-output>
        </test-method> <!-- TC06_Register_Empty_Password -->
        <test-method is-config="true" signature="tearDown()[pri:0, instance:tests.RegisterTest@248e319b]" started-at="2026-04-01T15:09:51 ICT" name="tearDown" finished-at="2026-04-01T15:09:52 ICT" duration-ms="957" status="PASS">
          <reporter-output>
          </reporter-output>
        </test-method> <!-- tearDown -->
      </class> <!-- tests.RegisterTest -->
    </test> <!-- Default test -->
  </suite> <!-- Default suite -->
</testng-results>
